<?xml version="1.0" encoding="UTF-8"?>
<!-- Generated by org.testng.reporters.JUnitXMLReporter -->
<testsuite ignored="0" hostname="LAPTOP-DOBLN3AU" failures="0" tests="3" name="Default test" time="8.598" errors="0" timestamp="2023-11-15T10:53:07 IST">
  <testcase classname="com.sportyshoe.Tests.OrderpageTest" name="test_login" time="1.307"/>
  <testcase classname="com.sportyshoe.Tests.OrderpageTest" name="test_click_orders" time="0.212"/>
  <testcase classname="com.sportyshoe.Tests.OrderpageTest" name="test_getTitle_page" time="0.031"/>
</testsuite> <!-- Default test -->
